<?xml version="1.0" encoding="UTF-8"?>
<!-- Generated by org.testng.reporters.JUnitReportReporter -->
<testsuite hostname="DESKTOP-5Q39FUQ" name="tests.FlowMapper" tests="2" failures="0" timestamp="20 Jan 2020 11:56:04 GMT" time="126.102" errors="0">
  <testcase name="flowMapperTest" time="20.948" classname="tests.FlowMapper"/>
  <testcase name="flowMapperTest" time="105.154" classname="tests.FlowMapper"/>
</testsuite> <!-- tests.FlowMapper -->
